<?xml version="1.0" encoding="UTF-8"?>
<testng-results ignored="0" total="1" passed="1" failed="0" skipped="0">
  <reporter-output>
  </reporter-output>
  <suite started-at="2025-05-01T13:40:14 IST" name="Default suite" finished-at="2025-05-01T13:40:20 IST" duration-ms="5206">
    <groups>
    </groups>
    <test started-at="2025-05-01T13:40:14 IST" name="Default test" finished-at="2025-05-01T13:40:20 IST" duration-ms="5206">
      <class name="restassured.standalone.GetIssue">
        <test-method signature="test1()[pri:0, instance:restassured.standalone.GetIssue@47eaca72]" started-at="2025-05-01T13:40:14 IST" name="test1" finished-at="2025-05-01T13:40:20 IST" duration-ms="5132" status="PASS">
          <reporter-output>
          </reporter-output>
        </test-method> <!-- test1 -->
      </class> <!-- restassured.standalone.GetIssue -->
    </test> <!-- Default test -->
  </suite> <!-- Default suite -->
</testng-results>
